This is pdfTeXk, Version 3.141592-1.40.3 (Web2C 7.5.6) (format=latex 2009.4.29)  4 MAY 2009 14:47
entering extended mode
 %&-line parsing enabled.
**./images.tex
(./images.tex
LaTeX2e <2005/12/01>
Babel <v3.8h> and hyphenation patterns for english, usenglishmax, dumylang, noh
yphenation, arabic, farsi, croatian, ukrainian, russian, bulgarian, czech, slov
ak, danish, dutch, finnish, basque, french, german, ngerman, ibycus, greek, mon
ogreek, ancientgreek, hungarian, italian, latin, mongolian, norsk, icelandic, i
nterlingua, turkish, coptic, romanian, welsh, serbian, slovenian, estonian, esp
eranto, uppersorbian, indonesian, polish, portuguese, spanish, catalan, galicia
n, swedish, ukenglish, pinyin, loaded.

(/usr/share/texmf-texlive/tex/latex/base/article.cls
Document Class: article 2005/09/16 v1.4f Standard LaTeX document class
(/usr/share/texmf-texlive/tex/latex/base/size10.clo
File: size10.clo 2005/09/16 v1.4f Standard LaTeX file (size option)
)
\c@part=\count79
\c@section=\count80
\c@subsection=\count81
\c@subsubsection=\count82
\c@paragraph=\count83
\c@subparagraph=\count84
\c@figure=\count85
\c@table=\count86
\abovecaptionskip=\skip41
\belowcaptionskip=\skip42
\bibindent=\dimen102
) (/usr/share/texmf-texlive/tex/latex/base/ifthen.sty
Package: ifthen 2001/05/26 v1.1c Standard LaTeX ifthen package (DPC)
) (/usr/share/texmf-texlive/tex/latex/amsmath/amsmath.sty
Package: amsmath 2000/07/18 v2.13 AMS math features
\@mathmargin=\skip43
For additional information on amsmath, use the `?' option.
(/usr/share/texmf-texlive/tex/latex/amsmath/amstext.sty
Package: amstext 2000/06/29 v2.01
(/usr/share/texmf-texlive/tex/latex/amsmath/amsgen.sty
File: amsgen.sty 1999/11/30 v2.0
\@emptytoks=\toks14
\ex@=\dimen103
)) (/usr/share/texmf-texlive/tex/latex/amsmath/amsbsy.sty
Package: amsbsy 1999/11/29 v1.2d
\pmbraise@=\dimen104
) (/usr/share/texmf-texlive/tex/latex/amsmath/amsopn.sty
Package: amsopn 1999/12/14 v2.01 operator names
)
\inf@bad=\count87
LaTeX Info: Redefining \frac on input line 211.
\uproot@=\count88
\leftroot@=\count89
LaTeX Info: Redefining \overline on input line 307.
\classnum@=\count90
\DOTSCASE@=\count91
LaTeX Info: Redefining \ldots on input line 379.
LaTeX Info: Redefining \dots on input line 382.
LaTeX Info: Redefining \cdots on input line 467.
\Mathstrutbox@=\box26
\strutbox@=\box27
\big@size=\dimen105
LaTeX Font Info:    Redeclaring font encoding OML on input line 567.
LaTeX Font Info:    Redeclaring font encoding OMS on input line 568.
\macc@depth=\count92
\c@MaxMatrixCols=\count93
\dotsspace@=\muskip10
\c@parentequation=\count94
\dspbrk@lvl=\count95
\tag@help=\toks15
\row@=\count96
\column@=\count97
\maxfields@=\count98
\andhelp@=\toks16
\eqnshift@=\dimen106
\alignsep@=\dimen107
\tagshift@=\dimen108
\tagwidth@=\dimen109
\totwidth@=\dimen110
\lineht@=\dimen111
\@envbody=\toks17
\multlinegap=\skip44
\multlinetaggap=\skip45
\mathdisplay@stack=\toks18
LaTeX Info: Redefining \[ on input line 2666.
LaTeX Info: Redefining \] on input line 2667.
) (/usr/share/texmf-texlive/tex/latex/graphics/graphicx.sty
Package: graphicx 1999/02/16 v1.0f Enhanced LaTeX Graphics (DPC,SPQR)
(/usr/share/texmf-texlive/tex/latex/graphics/keyval.sty
Package: keyval 1999/03/16 v1.13 key=value parser (DPC)
\KV@toks@=\toks19
) (/usr/share/texmf-texlive/tex/latex/graphics/graphics.sty
Package: graphics 2006/02/20 v1.0o Standard LaTeX Graphics (DPC,SPQR)
(/usr/share/texmf-texlive/tex/latex/graphics/trig.sty
Package: trig 1999/03/16 v1.09 sin cos tan (DPC)
) (/etc/texmf/tex/latex/config/graphics.cfg
File: graphics.cfg 2007/01/18 v1.5 graphics configuration of teTeX/TeXLive
)
Package graphics Info: Driver file: dvips.def on input line 90.
(/usr/share/texmf-texlive/tex/latex/graphics/dvips.def
File: dvips.def 1999/02/16 v3.0i Driver-dependant file (DPC,SPQR)
))
\Gin@req@height=\dimen112
\Gin@req@width=\dimen113
) (/usr/share/texmf-texlive/tex/latex/amsfonts/amsfonts.sty
Package: amsfonts 2001/10/25 v2.2f
\symAMSa=\mathgroup4
\symAMSb=\mathgroup5
LaTeX Font Info:    Overwriting math alphabet `\mathfrak' in version `bold'
(Font)                  U/euf/m/n --> U/euf/b/n on input line 132.
) (/usr/share/texmf-texlive/tex/latex/amsfonts/amssymb.sty
Package: amssymb 2002/01/22 v2.2d
) (/usr/share/texmf-texlive/tex/latex/graphics/color.sty
Package: color 2005/11/14 v1.0j Standard LaTeX Color (DPC)
(/etc/texmf/tex/latex/config/color.cfg
File: color.cfg 2007/01/18 v1.5 color configuration of teTeX/TeXLive
)
Package color Info: Driver file: dvips.def on input line 130.
(/usr/share/texmf-texlive/tex/latex/graphics/dvipsnam.def
File: dvipsnam.def 1999/02/16 v3.0i Driver-dependant file (DPC,SPQR)
)) (/usr/share/texmf-texlive/tex/latex/base/inputenc.sty
Package: inputenc 2006/05/05 v1.1b Input encoding file
\inpenc@prehook=\toks20
\inpenc@posthook=\toks21
)
\sizebox=\box28
\lthtmlwrite=\write3
(./images.aux)
\openout1 = `images.aux'.

LaTeX Font Info:    Checking defaults for OML/cmm/m/it on input line 133.
LaTeX Font Info:    ... okay on input line 133.
LaTeX Font Info:    Checking defaults for T1/cmr/m/n on input line 133.
LaTeX Font Info:    ... okay on input line 133.
LaTeX Font Info:    Checking defaults for OT1/cmr/m/n on input line 133.
LaTeX Font Info:    ... okay on input line 133.
LaTeX Font Info:    Checking defaults for OMS/cmsy/m/n on input line 133.
LaTeX Font Info:    ... okay on input line 133.
LaTeX Font Info:    Checking defaults for OMX/cmex/m/n on input line 133.
LaTeX Font Info:    ... okay on input line 133.
LaTeX Font Info:    Checking defaults for U/cmr/m/n on input line 133.
LaTeX Font Info:    ... okay on input line 133.

latex2htmlLength hsize=169.5pt

latex2htmlLength vsize=633.0pt

latex2htmlLength hoffset=0.0pt

latex2htmlLength voffset=0.0pt

latex2htmlLength topmargin=0.0pt

latex2htmlLength topskip=0.00003pt

latex2htmlLength headheight=0.0pt

latex2htmlLength headsep=0.0pt

latex2htmlLength parskip=0.0pt plus 1.0pt

latex2htmlLength oddsidemargin=0.0pt

latex2htmlLength evensidemargin=0.0pt

LaTeX Font Info:    Try loading font information for U+msa on input line 157.
(/usr/share/texmf-texlive/tex/latex/amsfonts/umsa.fd
File: umsa.fd 2002/01/19 v2.2g AMS font definitions
)
LaTeX Font Info:    Try loading font information for U+msb on input line 157.
(/usr/share/texmf-texlive/tex/latex/amsfonts/umsb.fd
File: umsb.fd 2002/01/19 v2.2g AMS font definitions
)
l2hSize :tex2html_wrap_inline277:8.0pt::8.0pt::52.73613pt.
[1



]
l2hSize :tex2html_wrap_inline279:7.44444pt::7.44444pt::6.45837pt.
[2


]
l2hSize :tex2html_wrap_inline281:6.45831pt::0.0pt::6.57294pt.
[3


]
l2hSize :tex2html_wrap_inline283:8.0pt::8.0pt::59.45834pt.
[4


]
l2hSize :tex2html_wrap_inline285:8.0pt::8.0pt::33.51746pt.
[5


]
l2hSize :tex2html_wrap_inline287:7.44444pt::7.44444pt::10.9445pt.
[6


]
l2hSize :tex2html_wrap_inline289:6.95831pt::6.95831pt::10.70029pt.
[7


]
l2hSize :tex2html_wrap_indisplay292:8.51782pt::8.51782pt::107.20425pt.
[8


]
l2hSize :tex2html_wrap_inline294:8.01782pt::8.01782pt::88.46858pt.
[9


]
l2hSize :tex2html_wrap_inline295:8.0pt::8.0pt::59.83412pt.
[10


]
l2hSize :tex2html_wrap_inline297:8.0pt::8.0pt::52.85303pt.
[11


]
l2hSize :tex2html_wrap_inline299:7.44444pt::7.44444pt::25.9446pt.
[12


]
l2hSize :tex2html_wrap_indisplay301:8.51782pt::8.51782pt::107.33551pt.
[13


]
l2hSize :tex2html_wrap_indisplay303:8.51782pt::8.51782pt::88.46858pt.
[14


]
l2hSize :tex2html_wrap_indisplay304:8.0pt::8.0pt::79.5217pt.
[15


]
l2hSize :tex2html_wrap_inline308:7.44444pt::7.44444pt::45.63217pt.
[16


]
l2hSize :tex2html_wrap_inline310:8.0pt::8.0pt::22.29979pt.
[17


]
l2hSize :tex2html_wrap_indisplay312:8.0pt::8.0pt::27.25008pt.
[18


]
l2hSize :tex2html_wrap_indisplay313:8.51782pt::8.51782pt::58.12029pt.
[19


]

LaTeX Warning: Command \o invalid in math mode on input line 275.

l2hSize :tex2html_wrap_inline316:8.0pt::8.0pt::60.6251pt.
[20


]
l2hSize :tex2html_wrap_indisplay324:8.51782pt::8.51782pt::148.01756pt.
[21


]
l2hSize :tex2html_wrap_inline329:6.83331pt::0.0pt::7.3056pt.
[22


]
l2hSize :multlinestar61:33.60004pt::0.0pt::349.0pt.
[23


]
l2hSize :tex2html_wrap_inline332:8.0pt::8.0pt::84.76729pt.
[24


]
l2hSize :tex2html_wrap_inline334:6.83331pt::0.0pt::11.29169pt.
[25


]
l2hSize :multlinestar68:33.60004pt::0.0pt::349.0pt.
[26


]
l2hSize :tex2html_wrap_inline337:8.0pt::8.0pt::48.08676pt.
[27


]
l2hSize :tex2html_wrap_inline338:8.0pt::8.0pt::4.38893pt.
[28


]
l2hSize :tex2html_wrap_inline340:6.83331pt::0.0pt::11.33337pt.
[29


]
Underfull \hbox (badness 10000) detected at line 344
 []$[]  \OML/cmm/m/it/10 W\OT1/cmr/m/n/10 (\OML/cmm/m/it/10 f\OT1/cmr/m/n/10 )(
\OML/cmm/m/it/10 ^^^; ^^[; o; []\OT1/cmr/m/n/10 ) = \OML/cmm/m/it/10 f\OT1/cmr/
m/n/10 (\OML/cmm/m/it/10 ^^^; ^^[; o; []\OT1/cmr/m/n/10 )  $ 
 []

l2hSize :multlinestar72:18.60004pt::0.0pt::349.0pt.
[30


]
l2hSize :tex2html_wrap_inline343:8.0pt::8.0pt::68.25684pt.
[31


]
l2hSize :tex2html_wrap_inline344:8.0pt::8.0pt::16.61115pt.
[32


]
l2hSize :tex2html_wrap_indisplay346:8.0pt::8.0pt::157.34726pt.
[33


]
l2hSize :tex2html_wrap_inline348:6.95831pt::6.95831pt::30.29063pt.
[34


]
l2hSize :tex2html_wrap_indisplay350:8.0pt::8.0pt::200.41237pt.
[35


]
l2hSize :tex2html_wrap_indisplay352:8.51782pt::8.51782pt::256.58107pt.
[36


]
l2hSize :tex2html_wrap_inline354:8.0pt::8.0pt::46.55672pt.
[37


]
l2hSize :tex2html_wrap_inline356:8.01782pt::8.01782pt::104.87952pt.
[38


]
l2hSize :tex2html_wrap_indisplay361:8.51782pt::8.51782pt::180.81844pt.
[39


]
l2hSize :tex2html_wrap_inline363:8.0pt::8.0pt::23.7245pt.
[40


]
l2hSize :tex2html_wrap_inline364:8.0pt::8.0pt::100.02237pt.
[41


]
l2hSize :tex2html_wrap_inline366:8.01782pt::8.01782pt::93.35982pt.
[42


]
l2hSize :multlinestar95:33.60004pt::0.0pt::349.0pt.
[43


] (./images.aux) ) 
Here is how much of TeX's memory you used:
 1704 strings out of 94075
 20318 string characters out of 1165176
 66751 words of memory out of 1500000
 5007 multiletter control sequences out of 10000+50000
 5339 words of font info for 22 fonts, out of 1200000 for 2000
 645 hyphenation exceptions out of 8191
 27i,11n,22p,252b,161s stack positions out of 5000i,500n,6000p,200000b,5000s

Output written on images.dvi (43 pages, 11288 bytes).
